<?xml version="1.0" encoding="utf-8"?><testsuites name="pytest tests"><testsuite name="pytest" errors="0" failures="0" skipped="0" tests="13" time="2.182" timestamp="2026-04-03T20:37:27.477188+00:00" hostname="agent-env-f1fa0d3f-7a92-47f3-aae7-a8cf9a8c2b82"><testcase classname="backend.tests.test_referral_system.TestHealthCheck" name="test_api_health" time="0.285" /><testcase classname="backend.tests.test_referral_system.TestGoogleReviewLink" name="test_get_google_review_link" time="0.057" /><testcase classname="backend.tests.test_referral_system.TestReferralStats" name="test_get_referral_stats" time="0.354" /><testcase classname="backend.tests.test_referral_system.TestReferralStats" name="test_points_calculation" time="0.065" /><testcase classname="backend.tests.test_referral_system.TestReferralStats" name="test_tier_progression" time="0.057" /><testcase classname="backend.tests.test_referral_system.TestGoogleReviewSubmission" name="test_get_my_google_review" time="0.058" /><testcase classname="backend.tests.test_referral_system.TestGoogleReviewSubmission" name="test_submit_google_review_duplicate" time="0.107" /><testcase classname="backend.tests.test_referral_system.TestExistingClientVerification" name="test_get_my_existing_client" time="0.058" /><testcase classname="backend.tests.test_referral_system.TestExistingClientVerification" name="test_submit_existing_client_duplicate" time="0.107" /><testcase classname="backend.tests.test_referral_system.TestNewUserFlow" name="test_register_new_user_and_submit_google_review" time="0.340" /><testcase classname="backend.tests.test_referral_system.TestNewUserFlow" name="test_register_new_user_and_submit_existing_client" time="0.343" /><testcase classname="backend.tests.test_referral_system.TestReferralCreation" name="test_create_referral" time="0.111" /><testcase classname="backend.tests.test_referral_system.TestReferralCreation" name="test_get_my_referrals" time="0.061" /></testsuite></testsuites>